[0m[[0m[0mdebug[0m] [0m[0m> Exec(testOnly f_stage.fetch_tst -- -DwriteVcd=1, Some(bb953029-4acf-44ac-91ac-ffc2b0708f2a), Some(CommandSource(console0)))[0m
[0m[[0m[0mdebug[0m] [0m[0mEvaluating tasks: Test / testOnly[0m
[0m[[0m[0mdebug[0m] [0m[0mRunning task... Cancel: Signal, check cycles: false, forcegc: true[0m
[0m[[0m[0minfo[0m] [0m[0mcompiling 17 Scala sources to /home/adeia/5 Stage/target/scala-2.12/classes ...[0m
[0m[[0m[31merror[0m] [0m[0m/home/adeia/5 Stage/src/main/scala/gcd/Top.scala:16:27: not found: type Core[0m
[0m[[0m[31merror[0m] [0m[0m    val core = Module(new Core)[0m
[0m[[0m[31merror[0m] [0m[0m                          ^[0m
[0m[[0m[31merror[0m] [0m[0m/home/adeia/5 Stage/src/main/scala/gcd/pipelining /RegDE.scala:27:14: value ins is not a member of chisel3.Bundle{val data_1: chisel3.SInt; val data_2: chisel3.SInt; val imm: chisel3.SInt; val inst: chisel3.UInt; val data_1_out: chisel3.SInt; val data_2_out: chisel3.SInt; val imm_out: chisel3.SInt; val inst_out: chisel3.UInt}[0m
[0m[[0m[31merror[0m] [0m[0m    inst:=io.ins[0m
[0m[[0m[31merror[0m] [0m[0m             ^[0m
[0m[[0m[31merror[0m] [0m[0m/home/adeia/5 Stage/src/main/scala/gcd/pipelining /RegDE.scala:32:8: value ins_out is not a member of chisel3.Bundle{val data_1: chisel3.SInt; val data_2: chisel3.SInt; val imm: chisel3.SInt; val inst: chisel3.UInt; val data_1_out: chisel3.SInt; val data_2_out: chisel3.SInt; val imm_out: chisel3.SInt; val inst_out: chisel3.UInt}[0m
[0m[[0m[31merror[0m] [0m[0m    io.ins_out:=ins[0m
[0m[[0m[31merror[0m] [0m[0m       ^[0m
[0m[[0m[31merror[0m] [0m[0m/home/adeia/5 Stage/src/main/scala/gcd/pipelining /RegDE.scala:32:17: not found: value ins[0m
[0m[[0m[31merror[0m] [0m[0m    io.ins_out:=ins[0m
[0m[[0m[31merror[0m] [0m[0m                ^[0m
[0m[[0m[31merror[0m] [0m[0mfour errors found[0m
[0m[[0m[31merror[0m] [0m[0m(Compile / [31mcompileIncremental[0m) Compilation failed[0m
[0m[[0m[31merror[0m] [0m[0mTotal time: 3 s, completed Sep 10, 2024, 12:14:04 AM[0m
[0m[[0m[0mdebug[0m] [0m[0m> Exec(shell, None, None)[0m
